Running: /home/jeas/14.7/ISE_DS/ISE/bin/lin64/unwrapped/fuse -intstyle ise -incremental -o /home/jeas/Microeletronica/Lab 2/Proje3/Proje3_tb_isim_beh.exe -prj /home/jeas/Microeletronica/Lab 2/Proje3/Proje3_tb_beh.prj work.Proje3_tb 
ISim P.20131013 (signature 0xfbc00daa)
Number of CPUs detected in this system: 8
Turning on mult-threading, number of parallel sub-compilation jobs: 16 
Determining compilation order of HDL files
Parsing VHDL file "/home/jeas/Microeletronica/Lab 2/Proje3/Proje3.vhd" into library work
Parsing VHDL file "/home/jeas/Microeletronica/Lab 2/Proje3/Proje3_tb.vhd" into library work
Starting static elaboration
Completed static elaboration
Fuse Memory Usage: 86008 KB
Fuse CPU Usage: 960 ms
Compiling package standard
Compiling package std_logic_1164
Compiling package std_logic_arith
Compiling package numeric_std
Compiling architecture behavioral of entity Proje3 [\Proje3(8)\]
Compiling architecture behavior of entity proje3_tb
Time Resolution for simulation is 1ps.
Waiting for 1 sub-compilation(s) to finish...
Compiled 7 VHDL Units
Built simulation executable /home/jeas/Microeletronica/Lab 2/Proje3/Proje3_tb_isim_beh.exe
Fuse Memory Usage: 1184120 KB
Fuse CPU Usage: 1090 ms
GCC CPU Usage: 2900 ms
