--------------------------------------------------------------------------------
Release 14.7 Trace  (lin64)
Copyright (c) 1995-2013 Xilinx, Inc.  All rights reserved.

/home/jeas/14.7/ISE_DS/ISE/bin/lin64/unwrapped/trce -intstyle ise -v 3 -s 5 -n
3 -fastpaths -xml Genius.twx Genius.ncd -o Genius.twr Genius.pcf -ucf pins.ucf

Design file:              Genius.ncd
Physical constraint file: Genius.pcf
Device,package,speed:     xc3s500e,fg320,-5 (PRODUCTION 1.27 2013-10-13)
Report level:             verbose report

Environment Variable      Effect 
--------------------      ------ 
NONE                      No environment variables were set
--------------------------------------------------------------------------------

INFO:Timing:2698 - No timing constraints found, doing default enumeration.
INFO:Timing:3412 - To improve timing, see the Timing Closure User Guide (UG612).
INFO:Timing:2752 - To get complete path coverage, use the unconstrained paths 
   option. All paths that are not constrained will be reported in the 
   unconstrained paths section(s) of the report.
INFO:Timing:3339 - The clock-to-out numbers in this timing report are based on 
   a 50 Ohm transmission line loading model.  For the details of this model, 
   and for more information on accounting for different loading conditions, 
   please see the device datasheet.
INFO:Timing:3390 - This architecture does not support a default System Jitter 
   value, please add SYSTEM_JITTER constraint to the UCF to modify the Clock 
   Uncertainty calculation.
INFO:Timing:3389 - This architecture does not support 'Discrete Jitter' and 
   'Phase Error' calculations, these terms will be zero in the Clock 
   Uncertainty calculation.  Please make appropriate modification to 
   SYSTEM_JITTER to account for the unsupported Discrete Jitter and Phase 
   Error.



Data Sheet report:
-----------------
All values displayed in nanoseconds (ns)

Setup/Hold to clock clk
--------------+------------+------------+------------------+--------+
              |Max Setup to|Max Hold to |                  | Clock  |
Source        | clk (edge) | clk (edge) |Internal Clock(s) | Phase  |
--------------+------------+------------+------------------+--------+
Btns_colors<0>|    1.713(R)|    1.446(R)|clk_BUFGP         |   0.000|
Btns_colors<1>|    2.199(R)|    0.355(R)|clk_BUFGP         |   0.000|
Btns_colors<2>|    1.809(R)|    1.218(R)|clk_BUFGP         |   0.000|
Btns_colors<3>|    2.640(R)|    0.331(R)|clk_BUFGP         |   0.000|
dif<0>        |    8.273(R)|   -0.578(R)|clk_BUFGP         |   0.000|
dif<1>        |    8.369(R)|   -0.506(R)|clk_BUFGP         |   0.000|
start         |    2.460(R)|    0.655(R)|clk_BUFGP         |   0.000|
--------------+------------+------------+------------------+--------+

Clock clk to Pad
------------+------------+------------------+--------+
            | clk (edge) |                  | Clock  |
Destination |   to PAD   |Internal Clock(s) | Phase  |
------------+------------+------------------+--------+
B<0>        |   19.996(R)|clk_BUFGP         |   0.000|
B<1>        |   19.994(R)|clk_BUFGP         |   0.000|
G<0>        |   20.714(R)|clk_BUFGP         |   0.000|
G<1>        |   20.869(R)|clk_BUFGP         |   0.000|
G<2>        |   21.080(R)|clk_BUFGP         |   0.000|
H_SYNC      |    9.999(R)|clk_BUFGP         |   0.000|
LED<0>      |   16.702(R)|clk_BUFGP         |   0.000|
LED<1>      |   16.993(R)|clk_BUFGP         |   0.000|
LED<2>      |   14.913(R)|clk_BUFGP         |   0.000|
LED<3>      |   15.172(R)|clk_BUFGP         |   0.000|
R<0>        |   19.981(R)|clk_BUFGP         |   0.000|
R<1>        |   20.532(R)|clk_BUFGP         |   0.000|
R<2>        |   20.223(R)|clk_BUFGP         |   0.000|
V_SYNC      |   11.018(R)|clk_BUFGP         |   0.000|
anodo<0>    |    7.677(R)|clk_BUFGP         |   0.000|
anodo<1>    |    7.105(R)|clk_BUFGP         |   0.000|
anodo<2>    |    7.836(R)|clk_BUFGP         |   0.000|
anodo<3>    |    7.673(R)|clk_BUFGP         |   0.000|
state_led<3>|    7.419(R)|clk_BUFGP         |   0.000|
------------+------------+------------------+--------+

Clock to Setup on destination clock clk
---------------+---------+---------+---------+---------+
               | Src:Rise| Src:Fall| Src:Rise| Src:Fall|
Source Clock   |Dest:Rise|Dest:Rise|Dest:Fall|Dest:Fall|
---------------+---------+---------+---------+---------+
clk            |    9.325|         |         |         |
---------------+---------+---------+---------+---------+

Pad to Pad
---------------+---------------+---------+
Source Pad     |Destination Pad|  Delay  |
---------------+---------------+---------+
Btns_colors<0> |B<0>           |   12.203|
Btns_colors<0> |B<1>           |   12.201|
Btns_colors<0> |G<0>           |   11.781|
Btns_colors<0> |G<1>           |   11.936|
Btns_colors<0> |G<2>           |   12.147|
Btns_colors<0> |LED<0>         |    9.122|
Btns_colors<0> |R<0>           |   10.244|
Btns_colors<0> |R<1>           |   10.795|
Btns_colors<0> |R<2>           |   10.486|
Btns_colors<1> |B<0>           |   12.201|
Btns_colors<1> |B<1>           |   12.199|
Btns_colors<1> |G<0>           |   10.780|
Btns_colors<1> |G<1>           |   10.935|
Btns_colors<1> |G<2>           |   11.146|
Btns_colors<1> |LED<1>         |    9.961|
Btns_colors<1> |R<0>           |   10.889|
Btns_colors<1> |R<1>           |   11.440|
Btns_colors<1> |R<2>           |   11.131|
Btns_colors<2> |B<0>           |   13.312|
Btns_colors<2> |B<1>           |   13.310|
Btns_colors<2> |G<0>           |   14.030|
Btns_colors<2> |G<1>           |   14.185|
Btns_colors<2> |G<2>           |   14.396|
Btns_colors<2> |LED<2>         |    8.239|
Btns_colors<2> |R<0>           |   13.297|
Btns_colors<2> |R<1>           |   13.848|
Btns_colors<2> |R<2>           |   13.539|
Btns_colors<3> |B<0>           |   12.278|
Btns_colors<3> |B<1>           |   12.276|
Btns_colors<3> |G<0>           |   10.590|
Btns_colors<3> |G<1>           |   10.745|
Btns_colors<3> |G<2>           |   10.956|
Btns_colors<3> |LED<3>         |    8.519|
Btns_colors<3> |R<0>           |   11.606|
Btns_colors<3> |R<1>           |   12.157|
Btns_colors<3> |R<2>           |   11.848|
---------------+---------------+---------+


Analysis completed Tue Nov 21 18:54:10 2023 
--------------------------------------------------------------------------------

Trace Settings:
-------------------------
Trace Settings 

Peak Memory Usage: 355 MB



