ISim log file
Running: /home/jeas/Microeletronica/PA/Genius/Genius_tb_isim_beh.exe -intstyle ise -gui -tclbatch isim.cmd -wdb /home/jeas/Microeletronica/PA/Genius/Genius_tb_isim_beh.wdb 
ISim P.20131013 (signature 0xfbc00daa)
This is a Full version of ISim.
Time resolution is 1 ps
# onerror resume
# wave add /
# run 1000 ns
Simulator is doing circuit initialization process.
at 0 ps, Instance /genius_tb/uut/VGA_Controller/ : Warning: NUMERIC_STD.">=": metavalue detected, returning FALSE
at 0 ps, Instance /genius_tb/uut/VGA_Controller/ : Warning: NUMERIC_STD.TO_INTEGER: metavalue detected, returning 0
at 0 ps, Instance /genius_tb/uut/VGA_Controller/font_unit/ : Warning: NUMERIC_STD.TO_INTEGER: metavalue detected, returning 0
Finished circuit initialization process.
at 0 ps, Instance /genius_tb/uut/VGA_Controller/ : Warning: NUMERIC_STD.TO_INTEGER: metavalue detected, returning 0
# restart
# run 1.00us
Simulator is doing circuit initialization process.
at 0 ps, Instance /genius_tb/uut/VGA_Controller/ : Warning: NUMERIC_STD.">=": metavalue detected, returning FALSE
at 0 ps, Instance /genius_tb/uut/VGA_Controller/ : Warning: NUMERIC_STD.TO_INTEGER: metavalue detected, returning 0
at 0 ps, Instance /genius_tb/uut/VGA_Controller/font_unit/ : Warning: NUMERIC_STD.TO_INTEGER: metavalue detected, returning 0
Finished circuit initialization process.
at 0 ps, Instance /genius_tb/uut/VGA_Controller/ : Warning: NUMERIC_STD.TO_INTEGER: metavalue detected, returning 0
# exit 0
