Running: /home/jeas/14.7/ISE_DS/ISE/bin/lin64/unwrapped/fuse -intstyle ise -incremental -o /home/jeas/Microeletronica/Lab 2/Proje4/Proje4_tb_isim_beh.exe -prj /home/jeas/Microeletronica/Lab 2/Proje4/Proje4_tb_beh.prj work.Proje4_tb 
ISim P.20131013 (signature 0xfbc00daa)
Number of CPUs detected in this system: 8
Turning on mult-threading, number of parallel sub-compilation jobs: 16 
Determining compilation order of HDL files
Parsing VHDL file "/home/jeas/Microeletronica/Lab 2/Proje4/Proje4.vhd" into library work
Parsing VHDL file "/home/jeas/Microeletronica/Lab 2/Proje4/Proje4_tb.vhd" into library work
Starting static elaboration
Completed static elaboration
Fuse Memory Usage: 84788 KB
Fuse CPU Usage: 870 ms
Compiling package standard
Compiling package std_logic_1164
Compiling package numeric_std
Compiling architecture behavioral of entity Proje4 [\Proje4(4)\]
Compiling architecture behavior of entity proje4_tb
Time Resolution for simulation is 1ps.
Waiting for 1 sub-compilation(s) to finish...
Compiled 6 VHDL Units
Built simulation executable /home/jeas/Microeletronica/Lab 2/Proje4/Proje4_tb_isim_beh.exe
Fuse Memory Usage: 1180712 KB
Fuse CPU Usage: 920 ms
GCC CPU Usage: 220 ms
