--------------------------------------------------------------------------------
Release 14.7 Trace  (lin64)
Copyright (c) 1995-2013 Xilinx, Inc.  All rights reserved.

/home/jeas/14.7/ISE_DS/ISE/bin/lin64/unwrapped/trce -intstyle ise -v 3 -s 5 -n
3 -fastpaths -xml Proje4_preroute.twx Proje4_map.ncd -o Proje4_preroute.twr
Proje4.pcf -ucf pins.ucf

Design file:              Proje4_map.ncd
Physical constraint file: Proje4.pcf
Device,package,speed:     xc3s1200e,fg320,-5 (PRODUCTION 1.27 2013-10-13)
Report level:             verbose report

Environment Variable      Effect 
--------------------      ------ 
NONE                      No environment variables were set
--------------------------------------------------------------------------------

INFO:Timing:2698 - No timing constraints found, doing default enumeration.
INFO:Timing:3412 - To improve timing, see the Timing Closure User Guide (UG612).
INFO:Timing:2752 - To get complete path coverage, use the unconstrained paths 
   option. All paths that are not constrained will be reported in the 
   unconstrained paths section(s) of the report.
INFO:Timing:3284 - This timing report was generated using estimated delay 
   information.  For accurate numbers, please refer to the post Place and Route 
   timing report.
INFO:Timing:3339 - The clock-to-out numbers in this timing report are based on 
   a 50 Ohm transmission line loading model.  For the details of this model, 
   and for more information on accounting for different loading conditions, 
   please see the device datasheet.
INFO:Timing:3390 - This architecture does not support a default System Jitter 
   value, please add SYSTEM_JITTER constraint to the UCF to modify the Clock 
   Uncertainty calculation.
INFO:Timing:3389 - This architecture does not support 'Discrete Jitter' and 
   'Phase Error' calculations, these terms will be zero in the Clock 
   Uncertainty calculation.  Please make appropriate modification to 
   SYSTEM_JITTER to account for the unsupported Discrete Jitter and Phase 
   Error.



Data Sheet report:
-----------------
All values displayed in nanoseconds (ns)

Pad to Pad
---------------+---------------+---------+
Source Pad     |Destination Pad|  Delay  |
---------------+---------------+---------+
a<0>           |cout           |    8.376|
a<0>           |y<0>           |    6.240|
a<0>           |y<1>           |    6.240|
a<0>           |y<2>           |    7.664|
a<0>           |y<3>           |    7.664|
a<1>           |cout           |    8.376|
a<1>           |y<1>           |    6.952|
a<1>           |y<2>           |    7.664|
a<1>           |y<3>           |    7.664|
a<2>           |cout           |    7.664|
a<2>           |y<2>           |    6.952|
a<2>           |y<3>           |    7.664|
a<3>           |cout           |    7.230|
a<3>           |y<3>           |    6.518|
b<0>           |cout           |    8.376|
b<0>           |y<0>           |    6.240|
b<0>           |y<1>           |    6.240|
b<0>           |y<2>           |    7.664|
b<0>           |y<3>           |    7.664|
b<1>           |cout           |    8.376|
b<1>           |y<1>           |    6.952|
b<1>           |y<2>           |    7.664|
b<1>           |y<3>           |    7.664|
b<2>           |cout           |    7.664|
b<2>           |y<2>           |    6.952|
b<2>           |y<3>           |    7.664|
b<3>           |cout           |    7.230|
b<3>           |y<3>           |    6.518|
cin            |cout           |    6.952|
cin            |y<0>           |    5.528|
cin            |y<1>           |    6.240|
cin            |y<2>           |    6.240|
cin            |y<3>           |    6.240|
opcode<0>      |cout           |    5.528|
opcode<0>      |y<0>           |    5.528|
opcode<0>      |y<1>           |    5.528|
opcode<0>      |y<2>           |    5.528|
opcode<0>      |y<3>           |    5.528|
opcode<1>      |cout           |    5.279|
opcode<1>      |y<0>           |    5.279|
opcode<1>      |y<1>           |    5.279|
opcode<1>      |y<2>           |    5.279|
opcode<1>      |y<3>           |    5.279|
opcode<2>      |cout           |    4.955|
opcode<2>      |y<0>           |    4.955|
opcode<2>      |y<1>           |    4.955|
opcode<2>      |y<2>           |    4.955|
opcode<2>      |y<3>           |    4.955|
---------------+---------------+---------+


Analysis completed Sun Sep 17 13:13:21 2023 
--------------------------------------------------------------------------------

Trace Settings:
-------------------------
Trace Settings 

Peak Memory Usage: 346 MB



